<?xml version="1.0" encoding="UTF-8"?>
<!-- Generated by org.testng.reporters.JUnitReportReporter -->
<testsuite hostname="HP" failures="0" tests="1" name="runners.LoginRunner" time="17.363" errors="0" timestamp="2025-03-11T14:37:22 IST" skipped="0">
  <testcase classname="runners.LoginRunner" name="runScenario" time="17.363"/>
</testsuite> <!-- runners.LoginRunner -->
