<?xml version="1.0" encoding="UTF-8"?>
<!-- Generated by org.testng.reporters.JUnitReportReporter -->
<testsuite hostname="HP" failures="0" tests="1" name="runners.LoginRunner" time="10.840" errors="0" timestamp="2025-03-11T13:14:07 IST" skipped="0">
  <testcase classname="runners.LoginRunner" name="runScenario" time="10.840"/>
</testsuite> <!-- runners.LoginRunner -->
